Vivado Simulator v2024.2.0
Copyright 1986-2022 Xilinx, Inc. All Rights Reserved.
Copyright 2022-2024 Advanced Micro Devices, Inc. All Rights Reserved.
Running: C:/Xilinx/Vivado/2024.2/bin/unwrapped/win64.o/xelab.exe --incr --debug typical --relax --mt 2 --maxdelay -L xil_defaultlib -L simprims_ver -L secureip --snapshot tb_controllore_cod_time_impl -transport_int_delays -pulse_r 0 -pulse_int_r 0 -pulse_e 0 -pulse_int_e 0 xil_defaultlib.tb_controllore_cod xil_defaultlib.glbl -log elaborate.log 
Using 2 slave threads.
Starting static elaboration
Pass Through NonSizing Optimizer
Completed static elaboration
Starting simulation data flow analysis
Completed simulation data flow analysis
INFO: [XSIM 43-3451] SDF backannotation process started with SDF file "tb_controllore_cod_time_impl.sdf", for root module "tb_controllore_cod/uut".
INFO: [XSIM 43-3452] SDF backannotation was successful for SDF file "tb_controllore_cod_time_impl.sdf", for root module "tb_controllore_cod/uut".
Time Resolution for simulation is 1ps
Compiling module simprims_ver.BUFGCE(CE_TYPE="ASYNC")
Compiling module simprims_ver.IBUFCTRL_default
Compiling module simprims_ver.INBUF_default
Compiling module xil_defaultlib.IBUF_UNIQ_BASE_
Compiling module simprims_ver.latchsre_ldce
Compiling module simprims_ver.LDCE
Compiling module simprims_ver.LUT6
Compiling module simprims_ver.x_lut2_mux4
Compiling module simprims_ver.LUT2(INIT=4'b010)
Compiling module simprims_ver.x_lut3_mux8
Compiling module simprims_ver.LUT3
Compiling module simprims_ver.latchsre_ldpe
Compiling module simprims_ver.LDPE(IS_PRE_INVERTED=1'b1)
Compiling module simprims_ver.LUT5
Compiling module simprims_ver.FDRE_default
Compiling module simprims_ver.FDSE(IS_S_INVERTED=1'b1)
Compiling module xil_defaultlib.IBUF_HD64
Compiling module xil_defaultlib.IBUF_HD65
Compiling module xil_defaultlib.IBUF_HD66
Compiling module xil_defaultlib.IBUF_HD67
Compiling module xil_defaultlib.IBUF_HD68
Compiling module xil_defaultlib.IBUF_HD69
Compiling module xil_defaultlib.IBUF_HD70
Compiling module xil_defaultlib.IBUF_HD71
Compiling module xil_defaultlib.IBUF_HD72
Compiling module simprims_ver.OBUF
Compiling module simprims_ver.LUT4
Compiling module xil_defaultlib.controllore_cod
Compiling module xil_defaultlib.tb_controllore_cod
Compiling module xil_defaultlib.glbl
Built simulation snapshot tb_controllore_cod_time_impl
