Copyright 1986-2022 Xilinx, Inc. All Rights Reserved. Copyright 2022-2024 Advanced Micro Devices, Inc. All Rights Reserved.
---------------------------------------------------------------------------------------------------------------------------------------------
| Tool Version : Vivado v.2024.2 (win64) Build 5239630 Fri Nov 08 22:35:27 MST 2024
| Date         : Thu May 29 22:23:00 2025
| Host         : WIN-BCVJMC16P3P running 64-bit major release  (build 9200)
| Command      : report_control_sets -verbose -file controllore_cod_control_sets_placed.rpt
| Design       : controllore_cod
| Device       : xcku035
---------------------------------------------------------------------------------------------------------------------------------------------

Control Set Information

Table of Contents
-----------------
1. Summary
2. Histogram
3. Flip-Flop Distribution
4. Detailed Control Set Information

1. Summary
----------

+----------------------------------------------------------+-------+
|                          Status                          | Count |
+----------------------------------------------------------+-------+
| Total control sets                                       |     4 |
|    Minimum number of control sets                        |     4 |
|    Addition due to synthesis replication                 |     0 |
|    Addition due to physical synthesis replication        |     0 |
| Unused register locations in slices containing registers |     0 |
+----------------------------------------------------------+-------+
* Control sets can be merged at opt_design using control_set_merge or merge_equivalent_drivers
** Run report_qor_suggestions for automated merging and remapping suggestions


2. Histogram
------------

+--------------------+-------+
|       Fanout       | Count |
+--------------------+-------+
| Total control sets |     4 |
| >= 0 to < 4        |     0 |
| >= 4 to < 6        |     3 |
| >= 6 to < 8        |     0 |
| >= 8 to < 10       |     0 |
| >= 10 to < 12      |     0 |
| >= 12 to < 14      |     1 |
| >= 14 to < 16      |     0 |
| >= 16              |     0 |
+--------------------+-------+
* Control sets can be remapped at either synth_design or opt_design


3. Flip-Flop Distribution
-------------------------

+--------------+-----------------------+------------------------+-----------------+--------------+
| Clock Enable | Synchronous Set/Reset | Asynchronous Set/Reset | Total Registers | Total Slices |
+--------------+-----------------------+------------------------+-----------------+--------------+
| No           | No                    | No                     |               0 |            0 |
| No           | No                    | Yes                    |               0 |            0 |
| No           | Yes                   | No                     |              16 |            3 |
| Yes          | No                    | No                     |               0 |            0 |
| Yes          | No                    | Yes                    |               0 |            0 |
| Yes          | Yes                   | No                     |               8 |            2 |
+--------------+-----------------------+------------------------+-----------------+--------------+


4. Detailed Control Set Information
-----------------------------------

+----------------+-------------------+--------------------+------------------+----------------+--------------+
|  Clock Signal  |   Enable Signal   |  Set/Reset Signal  | Slice Load Count | Bel Load Count | Bels / Slice |
+----------------+-------------------+--------------------+------------------+----------------+--------------+
|  NES__0        |                   | RESETn_IBUF_inst/O |                2 |              4 |         2.00 |
|  CLK_IBUF_BUFG | status            | RESETn_IBUF_inst/O |                1 |              4 |         4.00 |
|  CLK_IBUF_BUFG | result[3]_i_1_n_0 | RESETn_IBUF_inst/O |                2 |              4 |         2.00 |
|  CLK_IBUF_BUFG |                   | RESETn_IBUF_inst/O |                3 |             12 |         4.00 |
+----------------+-------------------+--------------------+------------------+----------------+--------------+


